<?xml version="1.0" encoding="UTF-8"?>
<testng-results ignored="0" total="1" passed="1" failed="0" skipped="0">
  <reporter-output>
  </reporter-output>
  <suite started-at="2022-11-04T06:52:30 IST" name="Default suite" finished-at="2022-11-04T06:52:39 IST" duration-ms="8983">
    <groups>
    </groups>
    <test started-at="2022-11-04T06:52:30 IST" name="Default test" finished-at="2022-11-04T06:52:39 IST" duration-ms="8983">
      <class name="TestCases.VerifySignup">
        <test-method signature="Login()[pri:0, instance:TestCases.VerifySignup@5f058f00]" started-at="2022-11-04T06:52:30 IST" name="Login" finished-at="2022-11-04T06:52:39 IST" duration-ms="8943" status="PASS">
          <reporter-output>
          </reporter-output>
        </test-method> <!-- Login -->
      </class> <!-- TestCases.VerifySignup -->
    </test> <!-- Default test -->
  </suite> <!-- Default suite -->
</testng-results>
